<?xml version="1.0" encoding="UTF-8"?>
<!-- Generated by org.testng.reporters.JUnitXMLReporter -->
<testsuite hostname="srinivas-PC" ignored="0" name="Command line test" tests="2" failures="0" timestamp="12 Jul 2018 12:25:03 GMT" time="43.354" errors="0">
  <testcase name="validateHomePageTitletest" time="0.015" classname="com.qa.oht.testcases.HomePageTest"/>
  <testcase name="validateLoginPageTitleTest" time="2.251" classname="com.qa.oht.testcases.LoginPageTest"/>
</testsuite> <!-- Command line test -->
