<?xml version="1.0" encoding="UTF-8"?>
<testng-results skipped="0" failed="0" ignored="0" total="2" passed="2">
  <reporter-output>
  </reporter-output>
  <suite name="Command line suite" duration-ms="43354" started-at="2018-07-12T12:24:17Z" finished-at="2018-07-12T12:25:00Z">
    <groups>
    </groups>
    <test name="Command line test" duration-ms="43354" started-at="2018-07-12T12:24:17Z" finished-at="2018-07-12T12:25:00Z">
      <class name="com.qa.oht.testcases.LoginPageTest">
        <test-method status="PASS" signature="setUp()[pri:0, instance:com.qa.oht.testcases.LoginPageTest@77b52d12]" name="setUp" is-config="true" duration-ms="16463" started-at="2018-07-12T12:24:39Z" finished-at="2018-07-12T12:24:56Z">
          <reporter-output>
          </reporter-output>
        </test-method> <!-- setUp -->
        <test-method status="PASS" signature="validateLoginPageTitleTest()[pri:1, instance:com.qa.oht.testcases.LoginPageTest@77b52d12]" name="validateLoginPageTitleTest" duration-ms="2251" started-at="2018-07-12T12:24:56Z" finished-at="2018-07-12T12:24:58Z">
          <reporter-output>
          </reporter-output>
        </test-method> <!-- validateLoginPageTitleTest -->
        <test-method status="PASS" signature="tearDown()[pri:0, instance:com.qa.oht.testcases.LoginPageTest@77b52d12]" name="tearDown" is-config="true" duration-ms="1942" started-at="2018-07-12T12:24:58Z" finished-at="2018-07-12T12:25:00Z">
          <reporter-output>
          </reporter-output>
        </test-method> <!-- tearDown -->
      </class> <!-- com.qa.oht.testcases.LoginPageTest -->
      <class name="com.qa.oht.testcases.HomePageTest">
        <test-method status="PASS" signature="setUp()[pri:0, instance:com.qa.oht.testcases.HomePageTest@614c5515]" name="setUp" is-config="true" duration-ms="21588" started-at="2018-07-12T12:24:17Z" finished-at="2018-07-12T12:24:38Z">
          <reporter-output>
          </reporter-output>
        </test-method> <!-- setUp -->
        <test-method status="PASS" signature="validateHomePageTitletest()[pri:1, instance:com.qa.oht.testcases.HomePageTest@614c5515]" name="validateHomePageTitletest" duration-ms="15" started-at="2018-07-12T12:24:38Z" finished-at="2018-07-12T12:24:38Z">
          <reporter-output>
          </reporter-output>
        </test-method> <!-- validateHomePageTitletest -->
        <test-method status="PASS" signature="tearDown()[pri:0, instance:com.qa.oht.testcases.HomePageTest@614c5515]" name="tearDown" is-config="true" duration-ms="1044" started-at="2018-07-12T12:24:38Z" finished-at="2018-07-12T12:24:39Z">
          <reporter-output>
          </reporter-output>
        </test-method> <!-- tearDown -->
      </class> <!-- com.qa.oht.testcases.HomePageTest -->
    </test> <!-- Command line test -->
  </suite> <!-- Command line suite -->
</testng-results>
